<?xml version="1.0" encoding="UTF-8"?>
<!-- Generated by org.testng.reporters.JUnitReportReporter -->
<testsuite hostname="LAPTOP-HRQP0RUN" failures="0" tests="1" name="testMutual.AltoroMutualTest" time="32.259" errors="0" timestamp="2022-08-29T16:30:19 CLT" skipped="0">
  <testcase classname="testMutual.AltoroMutualTest" name="QAS12" time="32.259"/>
  <system-out/>
</testsuite> <!-- testMutual.AltoroMutualTest -->
